<?xml version="1.0" encoding="UTF-8"?>
<testsuites name="jest tests" tests="222" failures="1" errors="0" time="26.686">
  <testsuite name="Accessibility Compliance Tests" errors="0" failures="0" skipped="0" timestamp="2025-10-09T21:29:14" time="1.482" tests="14">
    <testcase classname="Accessibility Compliance Tests Screen Reader Support should announce navigation changes" name="Accessibility Compliance Tests Screen Reader Support should announce navigation changes" time="0.021">
    </testcase>
    <testcase classname="Accessibility Compliance Tests Screen Reader Support should announce status changes with appropriate priority" name="Accessibility Compliance Tests Screen Reader Support should announce status changes with appropriate priority" time="0.002">
    </testcase>
    <testcase classname="Accessibility Compliance Tests Screen Reader Support should provide contextual help descriptions" name="Accessibility Compliance Tests Screen Reader Support should provide contextual help descriptions" time="0.002">
    </testcase>
    <testcase classname="Accessibility Compliance Tests Keyboard Accessibility should support full keyboard navigation" name="Accessibility Compliance Tests Keyboard Accessibility should support full keyboard navigation" time="0.007">
    </testcase>
    <testcase classname="Accessibility Compliance Tests Keyboard Accessibility should provide skip links and shortcuts" name="Accessibility Compliance Tests Keyboard Accessibility should provide skip links and shortcuts" time="0.005">
    </testcase>
    <testcase classname="Accessibility Compliance Tests Visual Accessibility should support high contrast mode" name="Accessibility Compliance Tests Visual Accessibility should support high contrast mode" time="0.002">
    </testcase>
    <testcase classname="Accessibility Compliance Tests Visual Accessibility should adjust for reduced motion preferences" name="Accessibility Compliance Tests Visual Accessibility should adjust for reduced motion preferences" time="0.001">
    </testcase>
    <testcase classname="Accessibility Compliance Tests Visual Accessibility should provide alternative text descriptions" name="Accessibility Compliance Tests Visual Accessibility should provide alternative text descriptions" time="0.001">
    </testcase>
    <testcase classname="Accessibility Compliance Tests Content Accessibility should provide content headings and structure" name="Accessibility Compliance Tests Content Accessibility should provide content headings and structure" time="0.002">
    </testcase>
    <testcase classname="Accessibility Compliance Tests Content Accessibility should provide content summaries" name="Accessibility Compliance Tests Content Accessibility should provide content summaries" time="0.001">
    </testcase>
    <testcase classname="Accessibility Compliance Tests Error Handling and Feedback should provide accessible error messages" name="Accessibility Compliance Tests Error Handling and Feedback should provide accessible error messages" time="0.003">
    </testcase>
    <testcase classname="Accessibility Compliance Tests Error Handling and Feedback should provide success feedback" name="Accessibility Compliance Tests Error Handling and Feedback should provide success feedback" time="0.001">
    </testcase>
    <testcase classname="Accessibility Compliance Tests Settings and Preferences should persist accessibility preferences" name="Accessibility Compliance Tests Settings and Preferences should persist accessibility preferences" time="0.002">
    </testcase>
    <testcase classname="Accessibility Compliance Tests Settings and Preferences should validate accessibility settings" name="Accessibility Compliance Tests Settings and Preferences should validate accessibility settings" time="0.002">
    </testcase>
  </testsuite>
  <testsuite name="Menu Interaction Integration Tests" errors="0" failures="0" skipped="0" timestamp="2025-10-09T21:29:14" time="1.498" tests="28">
    <testcase classname="Menu Interaction Integration Tests Basic Menu Navigation should navigate up and down through menu items" name="Menu Interaction Integration Tests Basic Menu Navigation should navigate up and down through menu items" time="0.017">
    </testcase>
    <testcase classname="Menu Interaction Integration Tests Basic Menu Navigation should wrap around when navigating past boundaries" name="Menu Interaction Integration Tests Basic Menu Navigation should wrap around when navigating past boundaries" time="0.002">
    </testcase>
    <testcase classname="Menu Interaction Integration Tests Basic Menu Navigation should jump to first and last items" name="Menu Interaction Integration Tests Basic Menu Navigation should jump to first and last items" time="0.002">
    </testcase>
    <testcase classname="Menu Interaction Integration Tests Menu Item Selection should select and activate regular menu items" name="Menu Interaction Integration Tests Menu Item Selection should select and activate regular menu items" time="0.002">
    </testcase>
    <testcase classname="Menu Interaction Integration Tests Menu Item Selection should open submenus when selecting submenu items" name="Menu Interaction Integration Tests Menu Item Selection should open submenus when selecting submenu items" time="0.002">
    </testcase>
    <testcase classname="Menu Interaction Integration Tests Menu Item Selection should handle toggle items correctly" name="Menu Interaction Integration Tests Menu Item Selection should handle toggle items correctly" time="0.002">
    </testcase>
    <testcase classname="Menu Interaction Integration Tests Menu Item Selection should handle action items with confirmation" name="Menu Interaction Integration Tests Menu Item Selection should handle action items with confirmation" time="0.001">
    </testcase>
    <testcase classname="Menu Interaction Integration Tests Keyboard Input Handling should handle arrow key navigation" name="Menu Interaction Integration Tests Keyboard Input Handling should handle arrow key navigation" time="0.001">
    </testcase>
    <testcase classname="Menu Interaction Integration Tests Keyboard Input Handling should handle Home and End keys" name="Menu Interaction Integration Tests Keyboard Input Handling should handle Home and End keys" time="0.001">
    </testcase>
    <testcase classname="Menu Interaction Integration Tests Keyboard Input Handling should handle Enter key for selection" name="Menu Interaction Integration Tests Keyboard Input Handling should handle Enter key for selection" time="0.001">
    </testcase>
    <testcase classname="Menu Interaction Integration Tests Keyboard Input Handling should handle Escape key for going back" name="Menu Interaction Integration Tests Keyboard Input Handling should handle Escape key for going back" time="0.001">
    </testcase>
    <testcase classname="Menu Interaction Integration Tests Keyboard Input Handling should handle number shortcuts" name="Menu Interaction Integration Tests Keyboard Input Handling should handle number shortcuts" time="0.001">
    </testcase>
    <testcase classname="Menu Interaction Integration Tests Search Functionality should filter items based on search query" name="Menu Interaction Integration Tests Search Functionality should filter items based on search query" time="0.003">
    </testcase>
    <testcase classname="Menu Interaction Integration Tests Search Functionality should reset selection when searching" name="Menu Interaction Integration Tests Search Functionality should reset selection when searching" time="0">
    </testcase>
    <testcase classname="Menu Interaction Integration Tests Search Functionality should clear search and restore full menu" name="Menu Interaction Integration Tests Search Functionality should clear search and restore full menu" time="0.001">
    </testcase>
    <testcase classname="Menu Interaction Integration Tests Search Functionality should handle search with no results" name="Menu Interaction Integration Tests Search Functionality should handle search with no results" time="0">
    </testcase>
    <testcase classname="Menu Interaction Integration Tests Search Functionality should handle character input for search" name="Menu Interaction Integration Tests Search Functionality should handle character input for search" time="0.002">
    </testcase>
    <testcase classname="Menu Interaction Integration Tests Menu State Management should maintain menu hierarchy correctly" name="Menu Interaction Integration Tests Menu State Management should maintain menu hierarchy correctly" time="0.005">
    </testcase>
    <testcase classname="Menu Interaction Integration Tests Menu State Management should track interaction history" name="Menu Interaction Integration Tests Menu State Management should track interaction history" time="0.005">
    </testcase>
    <testcase classname="Menu Interaction Integration Tests Menu State Management should handle invalid menu navigation gracefully" name="Menu Interaction Integration Tests Menu State Management should handle invalid menu navigation gracefully" time="0.003">
    </testcase>
    <testcase classname="Menu Interaction Integration Tests Menu State Management should handle back navigation from root menu" name="Menu Interaction Integration Tests Menu State Management should handle back navigation from root menu" time="0.002">
    </testcase>
    <testcase classname="Menu Interaction Integration Tests Complex Menu Interactions should handle rapid navigation correctly" name="Menu Interaction Integration Tests Complex Menu Interactions should handle rapid navigation correctly" time="0.001">
    </testcase>
    <testcase classname="Menu Interaction Integration Tests Complex Menu Interactions should handle search during navigation" name="Menu Interaction Integration Tests Complex Menu Interactions should handle search during navigation" time="0.001">
    </testcase>
    <testcase classname="Menu Interaction Integration Tests Complex Menu Interactions should handle menu switching with preserved state" name="Menu Interaction Integration Tests Complex Menu Interactions should handle menu switching with preserved state" time="0.001">
    </testcase>
    <testcase classname="Menu Interaction Integration Tests Complex Menu Interactions should maintain search state within menu context" name="Menu Interaction Integration Tests Complex Menu Interactions should maintain search state within menu context" time="0">
    </testcase>
    <testcase classname="Menu Interaction Integration Tests Accessibility and User Experience should provide meaningful interaction feedback" name="Menu Interaction Integration Tests Accessibility and User Experience should provide meaningful interaction feedback" time="0.001">
    </testcase>
    <testcase classname="Menu Interaction Integration Tests Accessibility and User Experience should track timing of interactions" name="Menu Interaction Integration Tests Accessibility and User Experience should track timing of interactions" time="0.001">
    </testcase>
    <testcase classname="Menu Interaction Integration Tests Accessibility and User Experience should provide context about current location" name="Menu Interaction Integration Tests Accessibility and User Experience should provide context about current location" time="0.003">
    </testcase>
  </testsuite>
  <testsuite name="Keyboard Navigation Tests" errors="0" failures="0" skipped="0" timestamp="2025-10-09T21:29:14" time="1.51" tests="22">
    <testcase classname="Keyboard Navigation Tests Arrow Key Navigation should navigate up with ArrowUp key" name="Keyboard Navigation Tests Arrow Key Navigation should navigate up with ArrowUp key" time="0.027">
    </testcase>
    <testcase classname="Keyboard Navigation Tests Arrow Key Navigation should navigate down with ArrowDown key" name="Keyboard Navigation Tests Arrow Key Navigation should navigate down with ArrowDown key" time="0.001">
    </testcase>
    <testcase classname="Keyboard Navigation Tests Arrow Key Navigation should not go below 0 when navigating up" name="Keyboard Navigation Tests Arrow Key Navigation should not go below 0 when navigating up" time="0.001">
    </testcase>
    <testcase classname="Keyboard Navigation Tests Arrow Key Navigation should not exceed maxIndex when navigating down" name="Keyboard Navigation Tests Arrow Key Navigation should not exceed maxIndex when navigating down" time="0.001">
    </testcase>
    <testcase classname="Keyboard Navigation Tests Home/End Navigation should jump to first item with Home key" name="Keyboard Navigation Tests Home/End Navigation should jump to first item with Home key" time="0.001">
    </testcase>
    <testcase classname="Keyboard Navigation Tests Home/End Navigation should jump to last item with End key" name="Keyboard Navigation Tests Home/End Navigation should jump to last item with End key" time="0.009">
    </testcase>
    <testcase classname="Keyboard Navigation Tests Selection and Action Keys should handle Enter key for selection" name="Keyboard Navigation Tests Selection and Action Keys should handle Enter key for selection" time="0.002">
    </testcase>
    <testcase classname="Keyboard Navigation Tests Selection and Action Keys should handle Escape key for going back" name="Keyboard Navigation Tests Selection and Action Keys should handle Escape key for going back" time="0.006">
    </testcase>
    <testcase classname="Keyboard Navigation Tests Selection and Action Keys should not go back on Escape if canGoBack is false" name="Keyboard Navigation Tests Selection and Action Keys should not go back on Escape if canGoBack is false" time="0.003">
    </testcase>
    <testcase classname="Keyboard Navigation Tests Selection and Action Keys should handle Tab key for focus management" name="Keyboard Navigation Tests Selection and Action Keys should handle Tab key for focus management" time="0.003">
    </testcase>
    <testcase classname="Keyboard Navigation Tests Shortcut Keys should handle Ctrl+H for help" name="Keyboard Navigation Tests Shortcut Keys should handle Ctrl+H for help" time="0">
    </testcase>
    <testcase classname="Keyboard Navigation Tests Shortcut Keys should handle Ctrl+Q for quit" name="Keyboard Navigation Tests Shortcut Keys should handle Ctrl+Q for quit" time="0.004">
    </testcase>
    <testcase classname="Keyboard Navigation Tests Shortcut Keys should not trigger shortcuts without Ctrl key" name="Keyboard Navigation Tests Shortcut Keys should not trigger shortcuts without Ctrl key" time="0.001">
    </testcase>
    <testcase classname="Keyboard Navigation Tests Direct Number Selection should handle number key for direct selection" name="Keyboard Navigation Tests Direct Number Selection should handle number key for direct selection" time="0">
    </testcase>
    <testcase classname="Keyboard Navigation Tests Direct Number Selection should ignore number keys beyond maxIndex" name="Keyboard Navigation Tests Direct Number Selection should ignore number keys beyond maxIndex" time="0.001">
    </testcase>
    <testcase classname="Keyboard Navigation Tests Direct Number Selection should handle 0 key for first item selection" name="Keyboard Navigation Tests Direct Number Selection should handle 0 key for first item selection" time="0.001">
    </testcase>
    <testcase classname="Keyboard Navigation Tests Navigation State Management should maintain navigation history" name="Keyboard Navigation Tests Navigation State Management should maintain navigation history" time="0.001">
    </testcase>
    <testcase classname="Keyboard Navigation Tests Navigation State Management should reset canGoBack when history is empty" name="Keyboard Navigation Tests Navigation State Management should reset canGoBack when history is empty" time="0">
    </testcase>
    <testcase classname="Keyboard Navigation Tests Accessibility Features should support screen reader navigation patterns" name="Keyboard Navigation Tests Accessibility Features should support screen reader navigation patterns" time="0.001">
    </testcase>
    <testcase classname="Keyboard Navigation Tests Accessibility Features should maintain focus indicators" name="Keyboard Navigation Tests Accessibility Features should maintain focus indicators" time="0">
    </testcase>
    <testcase classname="Keyboard Navigation Tests Multi-key Combinations should handle Shift+Tab for reverse tab navigation" name="Keyboard Navigation Tests Multi-key Combinations should handle Shift+Tab for reverse tab navigation" time="0.001">
    </testcase>
    <testcase classname="Keyboard Navigation Tests Multi-key Combinations should handle Alt+Enter for alternative selection" name="Keyboard Navigation Tests Multi-key Combinations should handle Alt+Enter for alternative selection" time="0">
    </testcase>
  </testsuite>
  <testsuite name="Navigation Flow Integration Tests" errors="0" failures="0" skipped="0" timestamp="2025-10-09T21:29:14" time="1.555" tests="21">
    <testcase classname="Navigation Flow Integration Tests Basic Navigation Flows should navigate from main menu to arrays submenu" name="Navigation Flow Integration Tests Basic Navigation Flows should navigate from main menu to arrays submenu" time="0.032">
    </testcase>
    <testcase classname="Navigation Flow Integration Tests Basic Navigation Flows should maintain navigation history correctly" name="Navigation Flow Integration Tests Basic Navigation Flows should maintain navigation history correctly" time="0.008">
    </testcase>
    <testcase classname="Navigation Flow Integration Tests Basic Navigation Flows should go back through navigation history" name="Navigation Flow Integration Tests Basic Navigation Flows should go back through navigation history" time="0.002">
    </testcase>
    <testcase classname="Navigation Flow Integration Tests Basic Navigation Flows should handle navigation to non-existent screen" name="Navigation Flow Integration Tests Basic Navigation Flows should handle navigation to non-existent screen" time="0.001">
    </testcase>
    <testcase classname="Navigation Flow Integration Tests Menu Item Selection Flows should select menu items and navigate to target screens" name="Navigation Flow Integration Tests Menu Item Selection Flows should select menu items and navigate to target screens" time="0.001">
    </testcase>
    <testcase classname="Navigation Flow Integration Tests Menu Item Selection Flows should handle selection when no items exist" name="Navigation Flow Integration Tests Menu Item Selection Flows should handle selection when no items exist" time="0.001">
    </testcase>
    <testcase classname="Navigation Flow Integration Tests Menu Item Selection Flows should handle selection beyond available items" name="Navigation Flow Integration Tests Menu Item Selection Flows should handle selection beyond available items" time="0.001">
    </testcase>
    <testcase classname="Navigation Flow Integration Tests Complete User Journey Flows should complete full learning path navigation" name="Navigation Flow Integration Tests Complete User Journey Flows should complete full learning path navigation" time="0.002">
    </testcase>
    <testcase classname="Navigation Flow Integration Tests Complete User Journey Flows should handle practice problem workflow" name="Navigation Flow Integration Tests Complete User Journey Flows should handle practice problem workflow" time="0.006">
    </testcase>
    <testcase classname="Navigation Flow Integration Tests Complete User Journey Flows should maintain consistent state during complex navigation" name="Navigation Flow Integration Tests Complete User Journey Flows should maintain consistent state during complex navigation" time="0.002">
    </testcase>
    <testcase classname="Navigation Flow Integration Tests Breadcrumb Navigation should update breadcrumbs correctly during navigation" name="Navigation Flow Integration Tests Breadcrumb Navigation should update breadcrumbs correctly during navigation" time="0.001">
    </testcase>
    <testcase classname="Navigation Flow Integration Tests Breadcrumb Navigation should maintain breadcrumbs when going back" name="Navigation Flow Integration Tests Breadcrumb Navigation should maintain breadcrumbs when going back" time="0.001">
    </testcase>
    <testcase classname="Navigation Flow Integration Tests Breadcrumb Navigation should handle deep navigation breadcrumbs" name="Navigation Flow Integration Tests Breadcrumb Navigation should handle deep navigation breadcrumbs" time="0.001">
    </testcase>
    <testcase classname="Navigation Flow Integration Tests Error Handling in Navigation should handle navigation errors gracefully" name="Navigation Flow Integration Tests Error Handling in Navigation should handle navigation errors gracefully" time="0.001">
    </testcase>
    <testcase classname="Navigation Flow Integration Tests Error Handling in Navigation should recover from navigation errors" name="Navigation Flow Integration Tests Error Handling in Navigation should recover from navigation errors" time="0.001">
    </testcase>
    <testcase classname="Navigation Flow Integration Tests Error Handling in Navigation should handle back navigation when no history exists" name="Navigation Flow Integration Tests Error Handling in Navigation should handle back navigation when no history exists" time="0">
    </testcase>
    <testcase classname="Navigation Flow Integration Tests Navigation Event Logging should log all navigation events" name="Navigation Flow Integration Tests Navigation Event Logging should log all navigation events" time="0.001">
    </testcase>
    <testcase classname="Navigation Flow Integration Tests Navigation Event Logging should track user journey patterns" name="Navigation Flow Integration Tests Navigation Event Logging should track user journey patterns" time="0.001">
    </testcase>
    <testcase classname="Navigation Flow Integration Tests Screen State Management should properly initialize screen state" name="Navigation Flow Integration Tests Screen State Management should properly initialize screen state" time="0.001">
    </testcase>
    <testcase classname="Navigation Flow Integration Tests Screen State Management should handle different screen types" name="Navigation Flow Integration Tests Screen State Management should handle different screen types" time="0">
    </testcase>
    <testcase classname="Navigation Flow Integration Tests Screen State Management should maintain screen relationships" name="Navigation Flow Integration Tests Screen State Management should maintain screen relationships" time="0">
    </testcase>
  </testsuite>
  <testsuite name="Command Execution Integration Tests" errors="0" failures="0" skipped="0" timestamp="2025-10-09T21:29:14" time="1.678" tests="27">
    <testcase classname="Command Execution Integration Tests Basic Command Execution should execute start command successfully" name="Command Execution Integration Tests Basic Command Execution should execute start command successfully" time="0.011">
    </testcase>
    <testcase classname="Command Execution Integration Tests Basic Command Execution should execute complete command successfully" name="Command Execution Integration Tests Basic Command Execution should execute complete command successfully" time="0.002">
    </testcase>
    <testcase classname="Command Execution Integration Tests Basic Command Execution should execute progress command and return data" name="Command Execution Integration Tests Basic Command Execution should execute progress command and return data" time="0.003">
    </testcase>
    <testcase classname="Command Execution Integration Tests Basic Command Execution should execute help command and return command info" name="Command Execution Integration Tests Basic Command Execution should execute help command and return command info" time="0.007">
    </testcase>
    <testcase classname="Command Execution Integration Tests Command Validation and Error Handling should handle unknown commands" name="Command Execution Integration Tests Command Validation and Error Handling should handle unknown commands" time="0.004">
    </testcase>
    <testcase classname="Command Execution Integration Tests Command Validation and Error Handling should validate required arguments" name="Command Execution Integration Tests Command Validation and Error Handling should validate required arguments" time="0.002">
    </testcase>
    <testcase classname="Command Execution Integration Tests Command Validation and Error Handling should handle command execution errors" name="Command Execution Integration Tests Command Validation and Error Handling should handle command execution errors" time="0.002">
    </testcase>
    <testcase classname="Command Execution Integration Tests Command Validation and Error Handling should handle invalid settings" name="Command Execution Integration Tests Command Validation and Error Handling should handle invalid settings" time="0.001">
    </testcase>
    <testcase classname="Command Execution Integration Tests Command Validation and Error Handling should handle file operation errors" name="Command Execution Integration Tests Command Validation and Error Handling should handle file operation errors" time="0.001">
    </testcase>
    <testcase classname="Command Execution Integration Tests Settings Management should update string settings" name="Command Execution Integration Tests Settings Management should update string settings" time="0.001">
    </testcase>
    <testcase classname="Command Execution Integration Tests Settings Management should update boolean settings" name="Command Execution Integration Tests Settings Management should update boolean settings" time="0.001">
    </testcase>
    <testcase classname="Command Execution Integration Tests Settings Management should handle boolean conversion from strings" name="Command Execution Integration Tests Settings Management should handle boolean conversion from strings" time="0">
    </testcase>
    <testcase classname="Command Execution Integration Tests Progress Persistence should save progress to file" name="Command Execution Integration Tests Progress Persistence should save progress to file" time="0.002">
    </testcase>
    <testcase classname="Command Execution Integration Tests Progress Persistence should load progress from file" name="Command Execution Integration Tests Progress Persistence should load progress from file" time="0.001">
    </testcase>
    <testcase classname="Command Execution Integration Tests Progress Persistence should handle auto-save when enabled" name="Command Execution Integration Tests Progress Persistence should handle auto-save when enabled" time="0.001">
    </testcase>
    <testcase classname="Command Execution Integration Tests Progress Reset Operations should reset current lesson progress" name="Command Execution Integration Tests Progress Reset Operations should reset current lesson progress" time="0.001">
    </testcase>
    <testcase classname="Command Execution Integration Tests Progress Reset Operations should reset specific lesson progress" name="Command Execution Integration Tests Progress Reset Operations should reset specific lesson progress" time="0.001">
    </testcase>
    <testcase classname="Command Execution Integration Tests Progress Reset Operations should reset all progress" name="Command Execution Integration Tests Progress Reset Operations should reset all progress" time="0.001">
    </testcase>
    <testcase classname="Command Execution Integration Tests Progress Reset Operations should handle reset of non-existent lesson" name="Command Execution Integration Tests Progress Reset Operations should handle reset of non-existent lesson" time="0.001">
    </testcase>
    <testcase classname="Command Execution Integration Tests Command History and State should maintain command execution history" name="Command Execution Integration Tests Command History and State should maintain command execution history" time="0.002">
    </testcase>
    <testcase classname="Command Execution Integration Tests Command History and State should track command execution errors in history" name="Command Execution Integration Tests Command History and State should track command execution errors in history" time="0.001">
    </testcase>
    <testcase classname="Command Execution Integration Tests Command History and State should clear command history" name="Command Execution Integration Tests Command History and State should clear command history" time="0.002">
    </testcase>
    <testcase classname="Command Execution Integration Tests Command History and State should track last successful command" name="Command Execution Integration Tests Command History and State should track last successful command" time="0.003">
    </testcase>
    <testcase classname="Command Execution Integration Tests Concurrent Command Execution should queue commands when system is busy" name="Command Execution Integration Tests Concurrent Command Execution should queue commands when system is busy" time="0.002">
    </testcase>
    <testcase classname="Command Execution Integration Tests Concurrent Command Execution should prevent concurrent execution" name="Command Execution Integration Tests Concurrent Command Execution should prevent concurrent execution" time="0.001">
    </testcase>
    <testcase classname="Command Execution Integration Tests Complex Command Workflows should execute complete learning workflow" name="Command Execution Integration Tests Complex Command Workflows should execute complete learning workflow" time="0.001">
    </testcase>
    <testcase classname="Command Execution Integration Tests Complex Command Workflows should handle error recovery in workflows" name="Command Execution Integration Tests Complex Command Workflows should handle error recovery in workflows" time="0.001">
    </testcase>
  </testsuite>
  <testsuite name="Theme Application Tests" errors="0" failures="0" skipped="0" timestamp="2025-10-09T21:29:14" time="1.718" tests="20">
    <testcase classname="Theme Application Tests Theme Management should set valid theme successfully" name="Theme Application Tests Theme Management should set valid theme successfully" time="0.009">
    </testcase>
    <testcase classname="Theme Application Tests Theme Management should reject invalid theme names" name="Theme Application Tests Theme Management should reject invalid theme names" time="0">
    </testcase>
    <testcase classname="Theme Application Tests Theme Management should return current theme configuration" name="Theme Application Tests Theme Management should return current theme configuration" time="0">
    </testcase>
    <testcase classname="Theme Application Tests Color Application should apply primary color styling" name="Theme Application Tests Color Application should apply primary color styling" time="0.001">
    </testcase>
    <testcase classname="Theme Application Tests Color Application should apply success color styling" name="Theme Application Tests Color Application should apply success color styling" time="0.001">
    </testcase>
    <testcase classname="Theme Application Tests Color Application should apply error color styling" name="Theme Application Tests Color Application should apply error color styling" time="0">
    </testcase>
    <testcase classname="Theme Application Tests Color Application should apply warning color styling" name="Theme Application Tests Color Application should apply warning color styling" time="0.001">
    </testcase>
    <testcase classname="Theme Application Tests Color Application should fallback to foreground color for unknown styles" name="Theme Application Tests Color Application should fallback to foreground color for unknown styles" time="0">
    </testcase>
    <testcase classname="Theme Application Tests Theme Variations should apply dark theme correctly" name="Theme Application Tests Theme Variations should apply dark theme correctly" time="0.001">
    </testcase>
    <testcase classname="Theme Application Tests Theme Variations should apply light theme correctly" name="Theme Application Tests Theme Variations should apply light theme correctly" time="0.001">
    </testcase>
    <testcase classname="Theme Application Tests Theme Variations should apply accessible theme correctly" name="Theme Application Tests Theme Variations should apply accessible theme correctly" time="0.001">
    </testcase>
    <testcase classname="Theme Application Tests UI Component Theming should theme table components" name="Theme Application Tests UI Component Theming should theme table components" time="0.001">
    </testcase>
    <testcase classname="Theme Application Tests UI Component Theming should theme progress bars" name="Theme Application Tests UI Component Theming should theme progress bars" time="0.002">
    </testcase>
    <testcase classname="Theme Application Tests UI Component Theming should theme menu items" name="Theme Application Tests UI Component Theming should theme menu items" time="0.004">
    </testcase>
    <testcase classname="Theme Application Tests Color Accessibility should provide high contrast colors for accessibility" name="Theme Application Tests Color Accessibility should provide high contrast colors for accessibility" time="0.003">
    </testcase>
    <testcase classname="Theme Application Tests Color Accessibility should validate color contrast ratios" name="Theme Application Tests Color Accessibility should validate color contrast ratios" time="0">
    </testcase>
    <testcase classname="Theme Application Tests Dynamic Theme Switching should switch themes at runtime" name="Theme Application Tests Dynamic Theme Switching should switch themes at runtime" time="0">
    </testcase>
    <testcase classname="Theme Application Tests Dynamic Theme Switching should preserve theme state across sessions" name="Theme Application Tests Dynamic Theme Switching should preserve theme state across sessions" time="0.001">
    </testcase>
    <testcase classname="Theme Application Tests Terminal Environment Detection should detect color support capability" name="Theme Application Tests Terminal Environment Detection should detect color support capability" time="0.001">
    </testcase>
    <testcase classname="Theme Application Tests Terminal Environment Detection should fallback gracefully when colors not supported" name="Theme Application Tests Terminal Environment Detection should fallback gracefully when colors not supported" time="0.001">
    </testcase>
  </testsuite>
  <testsuite name="Memory Usage Tests" errors="0" failures="1" skipped="0" timestamp="2025-10-09T21:29:14" time="1.793" tests="17">
    <testcase classname="Memory Usage Tests Memory Usage Monitoring should track baseline memory usage" name="Memory Usage Tests Memory Usage Monitoring should track baseline memory usage" time="0.008">
    </testcase>
    <testcase classname="Memory Usage Tests Memory Usage Monitoring should detect memory growth with component creation" name="Memory Usage Tests Memory Usage Monitoring should detect memory growth with component creation" time="0.002">
    </testcase>
    <testcase classname="Memory Usage Tests Memory Usage Monitoring should show memory reduction after cleanup" name="Memory Usage Tests Memory Usage Monitoring should show memory reduction after cleanup" time="0.005">
    </testcase>
    <testcase classname="Memory Usage Tests Memory Leak Detection should detect potential memory leaks" name="Memory Usage Tests Memory Leak Detection should detect potential memory leaks" time="0.004">
      <failure>Error: expect(received).toBeGreaterThan(expected)

Expected: &gt; 0
Received:   -103712
    at Object.toBeGreaterThan (C:\Users\brand\Development\Project_Workspace\active-development\algorithms_and_data_structures\tests\ui\performance\memory-usage.test.js:405:49)
    at Promise.then.completed (C:\Users\brand\Development\Project_Workspace\active-development\algorithms_and_data_structures\node_modules\jest-circus\build\utils.js:298:28)
    at new Promise (&lt;anonymous&gt;)
    at callAsyncCircusFn (C:\Users\brand\Development\Project_Workspace\active-development\algorithms_and_data_structures\node_modules\jest-circus\build\utils.js:231:10)
    at _callCircusTest (C:\Users\brand\Development\Project_Workspace\active-development\algorithms_and_data_structures\node_modules\jest-circus\build\run.js:316:40)
    at _runTest (C:\Users\brand\Development\Project_Workspace\active-development\algorithms_and_data_structures\node_modules\jest-circus\build\run.js:252:3)
    at _runTestsForDescribeBlock (C:\Users\brand\Development\Project_Workspace\active-development\algorithms_and_data_structures\node_modules\jest-circus\build\run.js:126:9)
    at _runTestsForDescribeBlock (C:\Users\brand\Development\Project_Workspace\active-development\algorithms_and_data_structures\node_modules\jest-circus\build\run.js:121:9)
    at _runTestsForDescribeBlock (C:\Users\brand\Development\Project_Workspace\active-development\algorithms_and_data_structures\node_modules\jest-circus\build\run.js:121:9)
    at run (C:\Users\brand\Development\Project_Workspace\active-development\algorithms_and_data_structures\node_modules\jest-circus\build\run.js:71:3)
    at runAndTransformResultsToJestFormat (C:\Users\brand\Development\Project_Workspace\active-development\algorithms_and_data_structures\node_modules\jest-circus\build\legacy-code-todo-rewrite\jestAdapterInit.js:122:21)
    at jestAdapter (C:\Users\brand\Development\Project_Workspace\active-development\algorithms_and_data_structures\node_modules\jest-circus\build\legacy-code-todo-rewrite\jestAdapter.js:79:19)
    at runTestInternal (C:\Users\brand\Development\Project_Workspace\active-development\algorithms_and_data_structures\node_modules\jest-runner\build\runTest.js:367:16)
    at runTest (C:\Users\brand\Development\Project_Workspace\active-development\algorithms_and_data_structures\node_modules\jest-runner\build\runTest.js:444:34)
    at Object.worker (C:\Users\brand\Development\Project_Workspace\active-development\algorithms_and_data_structures\node_modules\jest-runner\build\testWorker.js:106:12)</failure>
    </testcase>
    <testcase classname="Memory Usage Tests Memory Leak Detection should not flag normal memory usage as leak" name="Memory Usage Tests Memory Leak Detection should not flag normal memory usage as leak" time="0.001">
    </testcase>
    <testcase classname="Memory Usage Tests Memory Leak Detection should track event listener cleanup" name="Memory Usage Tests Memory Leak Detection should track event listener cleanup" time="0">
    </testcase>
    <testcase classname="Memory Usage Tests Cache Memory Management should track cache memory usage" name="Memory Usage Tests Cache Memory Management should track cache memory usage" time="0.016">
    </testcase>
    <testcase classname="Memory Usage Tests Cache Memory Management should perform automatic cache cleanup" name="Memory Usage Tests Cache Memory Management should perform automatic cache cleanup" time="0.002">
    </testcase>
    <testcase classname="Memory Usage Tests Cache Memory Management should manage render history memory" name="Memory Usage Tests Cache Memory Management should manage render history memory" time="0.001">
    </testcase>
    <testcase classname="Memory Usage Tests Memory Usage Reporting should provide comprehensive memory report" name="Memory Usage Tests Memory Usage Reporting should provide comprehensive memory report" time="0.002">
    </testcase>
    <testcase classname="Memory Usage Tests Memory Usage Reporting should provide detailed component memory stats" name="Memory Usage Tests Memory Usage Reporting should provide detailed component memory stats" time="0.001">
    </testcase>
    <testcase classname="Memory Usage Tests Memory Usage Reporting should format memory sizes correctly" name="Memory Usage Tests Memory Usage Reporting should format memory sizes correctly" time="0.001">
    </testcase>
    <testcase classname="Memory Usage Tests Memory Performance Under Load should maintain reasonable memory usage under heavy load" name="Memory Usage Tests Memory Performance Under Load should maintain reasonable memory usage under heavy load" time="0.03">
    </testcase>
    <testcase classname="Memory Usage Tests Memory Performance Under Load should handle rapid component creation and destruction" name="Memory Usage Tests Memory Performance Under Load should handle rapid component creation and destruction" time="0.003">
    </testcase>
    <testcase classname="Memory Usage Tests Memory Cleanup Verification should completely clean up after reset" name="Memory Usage Tests Memory Cleanup Verification should completely clean up after reset" time="0.001">
    </testcase>
    <testcase classname="Memory Usage Tests Memory Cleanup Verification should properly clean up DOM references" name="Memory Usage Tests Memory Cleanup Verification should properly clean up DOM references" time="0.001">
    </testcase>
    <testcase classname="Memory Usage Tests Memory Cleanup Verification should track timer cleanup" name="Memory Usage Tests Memory Cleanup Verification should track timer cleanup" time="0">
    </testcase>
  </testsuite>
  <testsuite name="UI Components Tests" errors="0" failures="0" skipped="0" timestamp="2025-10-09T21:29:14" time="2.068" tests="15">
    <testcase classname="UI Components Tests Console Output Components should format headers with chalk colors" name="UI Components Tests Console Output Components should format headers with chalk colors" time="0.005">
    </testcase>
    <testcase classname="UI Components Tests Console Output Components should create success messages with green color" name="UI Components Tests Console Output Components should create success messages with green color" time="0">
    </testcase>
    <testcase classname="UI Components Tests Console Output Components should create error messages with red color" name="UI Components Tests Console Output Components should create error messages with red color" time="0">
    </testcase>
    <testcase classname="UI Components Tests Console Output Components should create warning messages with yellow color" name="UI Components Tests Console Output Components should create warning messages with yellow color" time="0">
    </testcase>
    <testcase classname="UI Components Tests Console Output Components should create info messages with blue color" name="UI Components Tests Console Output Components should create info messages with blue color" time="0">
    </testcase>
    <testcase classname="UI Components Tests Table Components should create basic table structure" name="UI Components Tests Table Components should create basic table structure" time="0.001">
    </testcase>
    <testcase classname="UI Components Tests Table Components should add rows to table" name="UI Components Tests Table Components should add rows to table" time="0">
    </testcase>
    <testcase classname="UI Components Tests Table Components should render table with custom styling" name="UI Components Tests Table Components should render table with custom styling" time="0.022">
    </testcase>
    <testcase classname="UI Components Tests Table Components should handle empty table gracefully" name="UI Components Tests Table Components should handle empty table gracefully" time="0.002">
    </testcase>
    <testcase classname="UI Components Tests Progress Indicators should create progress bar component" name="UI Components Tests Progress Indicators should create progress bar component" time="0.001">
    </testcase>
    <testcase classname="UI Components Tests Progress Indicators should create spinner component states" name="UI Components Tests Progress Indicators should create spinner component states" time="0.001">
    </testcase>
    <testcase classname="UI Components Tests Menu Components should format menu items correctly" name="UI Components Tests Menu Components should format menu items correctly" time="0.001">
    </testcase>
    <testcase classname="UI Components Tests Menu Components should handle menu navigation state" name="UI Components Tests Menu Components should handle menu navigation state" time="0.001">
    </testcase>
    <testcase classname="UI Components Tests Form Components should validate input components" name="UI Components Tests Form Components should validate input components" time="0.001">
    </testcase>
    <testcase classname="UI Components Tests Form Components should handle form state management" name="UI Components Tests Form Components should handle form state management" time="0">
    </testcase>
  </testsuite>
  <testsuite name="Error Handling Integration Tests" errors="0" failures="0" skipped="0" timestamp="2025-10-09T21:29:14" time="4.391" tests="25">
    <testcase classname="Error Handling Integration Tests Error Detection and Logging should capture and log UI render errors" name="Error Handling Integration Tests Error Detection and Logging should capture and log UI render errors" time="0.056">
    </testcase>
    <testcase classname="Error Handling Integration Tests Error Detection and Logging should capture navigation errors with context" name="Error Handling Integration Tests Error Detection and Logging should capture navigation errors with context" time="0.004">
    </testcase>
    <testcase classname="Error Handling Integration Tests Error Detection and Logging should assign unique IDs to each error" name="Error Handling Integration Tests Error Detection and Logging should assign unique IDs to each error" time="0.003">
    </testcase>
    <testcase classname="Error Handling Integration Tests Error Detection and Logging should track error timestamps" name="Error Handling Integration Tests Error Detection and Logging should track error timestamps" time="0.002">
    </testcase>
    <testcase classname="Error Handling Integration Tests Error Recovery Mechanisms should attempt UI fallback recovery for render errors" name="Error Handling Integration Tests Error Recovery Mechanisms should attempt UI fallback recovery for render errors" time="0.017">
    </testcase>
    <testcase classname="Error Handling Integration Tests Error Recovery Mechanisms should reset navigation for navigation errors" name="Error Handling Integration Tests Error Recovery Mechanisms should reset navigation for navigation errors" time="0.002">
    </testcase>
    <testcase classname="Error Handling Integration Tests Error Recovery Mechanisms should enable offline mode for network errors" name="Error Handling Integration Tests Error Recovery Mechanisms should enable offline mode for network errors" time="0.003">
    </testcase>
    <testcase classname="Error Handling Integration Tests Error Recovery Mechanisms should show command help for command errors" name="Error Handling Integration Tests Error Recovery Mechanisms should show command help for command errors" time="0.002">
    </testcase>
    <testcase classname="Error Handling Integration Tests Error Recovery Mechanisms should show validation hints for validation errors" name="Error Handling Integration Tests Error Recovery Mechanisms should show validation hints for validation errors" time="0.002">
    </testcase>
    <testcase classname="Error Handling Integration Tests Error Severity Handling should handle critical errors with immediate recovery" name="Error Handling Integration Tests Error Severity Handling should handle critical errors with immediate recovery" time="0.002">
    </testcase>
    <testcase classname="Error Handling Integration Tests Error Severity Handling should handle low severity errors gracefully" name="Error Handling Integration Tests Error Severity Handling should handle low severity errors gracefully" time="0.001">
    </testcase>
    <testcase classname="Error Handling Integration Tests User-Friendly Error Messages should provide friendly messages for technical errors" name="Error Handling Integration Tests User-Friendly Error Messages should provide friendly messages for technical errors" time="0.002">
    </testcase>
    <testcase classname="Error Handling Integration Tests User-Friendly Error Messages should provide fallback message for unknown error types" name="Error Handling Integration Tests User-Friendly Error Messages should provide fallback message for unknown error types" time="0">
    </testcase>
    <testcase classname="Error Handling Integration Tests Error Statistics and Reporting should provide comprehensive error statistics" name="Error Handling Integration Tests Error Statistics and Reporting should provide comprehensive error statistics" time="0.005">
    </testcase>
    <testcase classname="Error Handling Integration Tests Error Statistics and Reporting should track recovery success rates" name="Error Handling Integration Tests Error Statistics and Reporting should track recovery success rates" time="0.002">
    </testcase>
    <testcase classname="Error Handling Integration Tests Error Statistics and Reporting should provide recent error history" name="Error Handling Integration Tests Error Statistics and Reporting should provide recent error history" time="0.02">
    </testcase>
    <testcase classname="Error Handling Integration Tests Error Recovery Retry Logic should implement exponential backoff for data load retries" name="Error Handling Integration Tests Error Recovery Retry Logic should implement exponential backoff for data load retries" time="2.511">
    </testcase>
    <testcase classname="Error Handling Integration Tests Error Recovery Retry Logic should track retry attempts" name="Error Handling Integration Tests Error Recovery Retry Logic should track retry attempts" time="0.001">
    </testcase>
    <testcase classname="Error Handling Integration Tests Error Context Preservation should preserve user context during error handling" name="Error Handling Integration Tests Error Context Preservation should preserve user context during error handling" time="0.001">
    </testcase>
    <testcase classname="Error Handling Integration Tests Error Context Preservation should maintain error context through recovery attempts" name="Error Handling Integration Tests Error Context Preservation should maintain error context through recovery attempts" time="0.001">
    </testcase>
    <testcase classname="Error Handling Integration Tests Error Cleanup and Management should clear all errors and logs" name="Error Handling Integration Tests Error Cleanup and Management should clear all errors and logs" time="0.002">
    </testcase>
    <testcase classname="Error Handling Integration Tests Error Cleanup and Management should handle cleanup during active error processing" name="Error Handling Integration Tests Error Cleanup and Management should handle cleanup during active error processing" time="0.001">
    </testcase>
    <testcase classname="Error Handling Integration Tests Complex Error Scenarios should handle cascading errors correctly" name="Error Handling Integration Tests Complex Error Scenarios should handle cascading errors correctly" time="0.002">
    </testcase>
    <testcase classname="Error Handling Integration Tests Complex Error Scenarios should prevent infinite recovery loops" name="Error Handling Integration Tests Complex Error Scenarios should prevent infinite recovery loops" time="0">
    </testcase>
    <testcase classname="Error Handling Integration Tests Complex Error Scenarios should maintain system stability during error storms" name="Error Handling Integration Tests Complex Error Scenarios should maintain system stability during error storms" time="0.04">
    </testcase>
  </testsuite>
  <testsuite name="Render Performance Tests" errors="0" failures="0" skipped="0" timestamp="2025-10-09T21:29:14" time="15.298" tests="16">
    <testcase classname="Render Performance Tests Individual Component Rendering should render simple menu within performance thresholds" name="Render Performance Tests Individual Component Rendering should render simple menu within performance thresholds" time="0.026">
    </testcase>
    <testcase classname="Render Performance Tests Individual Component Rendering should render complex menu with icons and descriptions" name="Render Performance Tests Individual Component Rendering should render complex menu with icons and descriptions" time="0.201">
    </testcase>
    <testcase classname="Render Performance Tests Individual Component Rendering should render data tables efficiently" name="Render Performance Tests Individual Component Rendering should render data tables efficiently" time="0.087">
    </testcase>
    <testcase classname="Render Performance Tests Individual Component Rendering should render progress bars quickly" name="Render Performance Tests Individual Component Rendering should render progress bars quickly" time="0.011">
    </testcase>
    <testcase classname="Render Performance Tests Individual Component Rendering should render code blocks with syntax highlighting" name="Render Performance Tests Individual Component Rendering should render code blocks with syntax highlighting" time="0.032">
    </testcase>
    <testcase classname="Render Performance Tests Batch Rendering Performance should render multiple components efficiently in batch" name="Render Performance Tests Batch Rendering Performance should render multiple components efficiently in batch" time="0.034">
    </testcase>
    <testcase classname="Render Performance Tests Batch Rendering Performance should handle large batch renders without blocking" name="Render Performance Tests Batch Rendering Performance should handle large batch renders without blocking" time="0.149">
    </testcase>
    <testcase classname="Render Performance Tests Caching Performance should improve performance with caching" name="Render Performance Tests Caching Performance should improve performance with caching" time="0.021">
    </testcase>
    <testcase classname="Render Performance Tests Caching Performance should track cache hit rates" name="Render Performance Tests Caching Performance should track cache hit rates" time="0.011">
    </testcase>
    <testcase classname="Render Performance Tests Performance Benchmarking should benchmark menu rendering performance" name="Render Performance Tests Performance Benchmarking should benchmark menu rendering performance" time="1.192">
    </testcase>
    <testcase classname="Render Performance Tests Performance Benchmarking should benchmark table rendering with different sizes" name="Render Performance Tests Performance Benchmarking should benchmark table rendering with different sizes" time="9.308">
    </testcase>
    <testcase classname="Render Performance Tests Performance Benchmarking should maintain consistent performance over time" name="Render Performance Tests Performance Benchmarking should maintain consistent performance over time" time="2.337">
    </testcase>
    <testcase classname="Render Performance Tests Performance Regression Detection should detect performance regressions" name="Render Performance Tests Performance Regression Detection should detect performance regressions" time="0.094">
    </testcase>
    <testcase classname="Render Performance Tests Performance Regression Detection should provide performance metrics for monitoring" name="Render Performance Tests Performance Regression Detection should provide performance metrics for monitoring" time="0.014">
    </testcase>
    <testcase classname="Render Performance Tests Memory Performance should not leak memory during repeated renders" name="Render Performance Tests Memory Performance should not leak memory during repeated renders" time="0.002">
    </testcase>
    <testcase classname="Render Performance Tests Memory Performance should manage render history efficiently" name="Render Performance Tests Memory Performance should manage render history efficiently" time="0.376">
    </testcase>
  </testsuite>
  <testsuite name="Response Time Tests" errors="0" failures="0" skipped="0" timestamp="2025-10-09T21:29:14" time="26.053" tests="17">
    <testcase classname="Response Time Tests Basic Response Time Measurements should measure menu navigation response time" name="Response Time Tests Basic Response Time Measurements should measure menu navigation response time" time="0.096">
    </testcase>
    <testcase classname="Response Time Tests Basic Response Time Measurements should measure menu selection response time" name="Response Time Tests Basic Response Time Measurements should measure menu selection response time" time="0.116">
    </testcase>
    <testcase classname="Response Time Tests Basic Response Time Measurements should measure form submission response time" name="Response Time Tests Basic Response Time Measurements should measure form submission response time" time="0.064">
    </testcase>
    <testcase classname="Response Time Tests Basic Response Time Measurements should measure search response time" name="Response Time Tests Basic Response Time Measurements should measure search response time" time="0.108">
    </testcase>
    <testcase classname="Response Time Tests Basic Response Time Measurements should measure data refresh response time" name="Response Time Tests Basic Response Time Measurements should measure data refresh response time" time="0.189">
    </testcase>
    <testcase classname="Response Time Tests Response Time Categorization should categorize response times correctly" name="Response Time Tests Response Time Categorization should categorize response times correctly" time="0">
    </testcase>
    <testcase classname="Response Time Tests Response Time Categorization should track response time distribution" name="Response Time Tests Response Time Categorization should track response time distribution" time="0.56">
    </testcase>
    <testcase classname="Response Time Tests Performance Statistics should provide comprehensive statistics" name="Response Time Tests Performance Statistics should provide comprehensive statistics" time="0.578">
    </testcase>
    <testcase classname="Response Time Tests Performance Statistics should provide performance report with grades" name="Response Time Tests Performance Statistics should provide performance report with grades" time="2.072">
    </testcase>
    <testcase classname="Response Time Tests Phase-based Performance Analysis should track interaction phases" name="Response Time Tests Phase-based Performance Analysis should track interaction phases" time="0.124">
    </testcase>
    <testcase classname="Response Time Tests Phase-based Performance Analysis should identify slow phases" name="Response Time Tests Phase-based Performance Analysis should identify slow phases" time="0.264">
    </testcase>
    <testcase classname="Response Time Tests Performance Regression Detection should detect mean response time regression" name="Response Time Tests Performance Regression Detection should detect mean response time regression" time="2.966">
    </testcase>
    <testcase classname="Response Time Tests Performance Regression Detection should not flag minor variations as regressions" name="Response Time Tests Performance Regression Detection should not flag minor variations as regressions" time="5.754">
    </testcase>
    <testcase classname="Response Time Tests Load Testing Response Times should maintain reasonable response times under load" name="Response Time Tests Load Testing Response Times should maintain reasonable response times under load" time="7.769">
    </testcase>
    <testcase classname="Response Time Tests Load Testing Response Times should show performance consistency over time" name="Response Time Tests Load Testing Response Times should show performance consistency over time" time="2.904">
    </testcase>
    <testcase classname="Response Time Tests Caching Impact on Response Times should show improved response times with caching" name="Response Time Tests Caching Impact on Response Times should show improved response times with caching" time="0.155">
    </testcase>
    <testcase classname="Response Time Tests Caching Impact on Response Times should track cache hit rate impact on performance" name="Response Time Tests Caching Impact on Response Times should track cache hit rate impact on performance" time="0.656">
    </testcase>
  </testsuite>
</testsuites>